<?xml version="1.0" encoding="UTF-8"?>
<!-- Generated by org.testng.reporters.JUnitReportReporter -->
<testsuite hostname="DESKTOP-11UCV8M" failures="0" tests="2" name="com.ae.tests.SubscriptionTest" time="11.081" errors="0" timestamp="2025-06-28T00:17:38 IST" skipped="0">
  <testcase classname="com.ae.tests.SubscriptionTest" name="verifySubscriptionInHomePage" time="5.152"/>
  <testcase classname="com.ae.tests.SubscriptionTest" name="verifySubscriptionInCartPage" time="5.929"/>
</testsuite> <!-- com.ae.tests.SubscriptionTest -->
