<?xml version="1.0" encoding="UTF-8"?>
<!-- Generated by org.testng.reporters.JUnitReportReporter -->
<testsuite hostname="DESKTOP-11UCV8M" failures="0" tests="1" name="com.ae.tests.ContactUsTest" time="13.198" errors="0" timestamp="2025-06-28T00:17:38 IST" skipped="0">
  <testcase classname="com.ae.tests.ContactUsTest" name="testContactUsForm" time="13.198"/>
</testsuite> <!-- com.ae.tests.ContactUsTest -->
