<?xml version="1.0" encoding="UTF-8"?>
<!-- Generated by org.testng.reporters.JUnitReportReporter -->
<testsuite hostname="DESKTOP-11UCV8M" failures="0" tests="2" name="com.ae.tests.LoginTest" time="19.703" errors="0" timestamp="2025-06-28T00:17:38 IST" skipped="0">
  <testcase classname="com.ae.tests.LoginTest" name="verifyLoginWithCorrectEmailAndPassword" time="11.092"/>
  <testcase classname="com.ae.tests.LoginTest" name="verifyLoginWithIncorrectEmailAndPassword" time="8.611"/>
</testsuite> <!-- com.ae.tests.LoginTest -->
