<?xml version="1.0" encoding="UTF-8"?>
<!-- Generated by org.testng.reporters.JUnitReportReporter -->
<testsuite hostname="DESKTOP-11UCV8M" failures="0" tests="2" name="com.ae.tests.CartPageTest" time="35.109" errors="0" timestamp="2025-06-28T00:17:38 IST" skipped="0">
  <testcase classname="com.ae.tests.CartPageTest" name="testToVerifyProductQuantityInCart" time="9.720"/>
  <testcase classname="com.ae.tests.CartPageTest" name="testToRemoveProductsFromCart" time="25.389"/>
</testsuite> <!-- com.ae.tests.CartPageTest -->
