<?xml version="1.0" encoding="UTF-8"?>
<!-- Generated by org.testng.reporters.JUnitReportReporter -->
<testsuite hostname="DESKTOP-11UCV8M" failures="0" tests="1" name="com.ae.tests.TestCasesPageTest" time="7.557" errors="0" timestamp="2025-06-28T00:17:38 IST" skipped="0">
  <testcase classname="com.ae.tests.TestCasesPageTest" name="testToVerifyTestCasesPage" time="7.557"/>
</testsuite> <!-- com.ae.tests.TestCasesPageTest -->
