<?xml version="1.0" encoding="UTF-8"?>
<!-- Generated by org.testng.reporters.JUnitReportReporter -->
<testsuite hostname="DESKTOP-11UCV8M" failures="0" tests="2" name="com.ae.tests.RegisterTest" time="28.215" errors="0" timestamp="2025-06-28T00:17:38 IST" skipped="0">
  <testcase classname="com.ae.tests.RegisterTest" name="testToRegisterUserWithNewEmail" time="20.192"/>
  <testcase classname="com.ae.tests.RegisterTest" name="testToRegisterUserWithExistingEmail" time="8.023"/>
</testsuite> <!-- com.ae.tests.RegisterTest -->
