<?xml version="1.0" encoding="UTF-8"?>
<!-- Generated by org.testng.reporters.JUnitReportReporter -->
<testsuite hostname="DESKTOP-11UCV8M" failures="0" tests="3" name="com.ae.tests.CheckoutTest" time="112.653" errors="0" timestamp="2025-06-28T00:17:38 IST" skipped="0">
  <testcase classname="com.ae.tests.CheckoutTest" name="testToRegisterWhileCheckout" time="34.130"/>
  <testcase classname="com.ae.tests.CheckoutTest" name="testToRegisterBeforeCheckout" time="27.251"/>
  <testcase classname="com.ae.tests.CheckoutTest" name="testToLoginBeforeCheckout" time="51.272"/>
</testsuite> <!-- com.ae.tests.CheckoutTest -->
