<?xml version="1.0" encoding="UTF-8"?>
<!-- Generated by org.testng.reporters.JUnitReportReporter -->
<testsuite hostname="DESKTOP-11UCV8M" failures="0" tests="1" name="com.ae.tests.LogoutTest" time="11.703" errors="0" timestamp="2025-06-28T00:17:38 IST" skipped="0">
  <testcase classname="com.ae.tests.LogoutTest" name="testToLogoutUser" time="11.703"/>
</testsuite> <!-- com.ae.tests.LogoutTest -->
