<?xml version="1.0" encoding="UTF-8"?>
<!-- Generated by org.testng.reporters.JUnitReportReporter -->
<testsuite hostname="DESKTOP-11UCV8M" failures="0" tests="1" name="com.ae.tests.ProductsPageTest" time="9.643" errors="0" timestamp="2025-06-28T00:17:38 IST" skipped="0">
  <testcase classname="com.ae.tests.ProductsPageTest" name="verifyAllProductsAndProductDetailsPage" time="9.643"/>
</testsuite> <!-- com.ae.tests.ProductsPageTest -->
